Pred Agg Finished. Rows: 257280, Raw Sum (Idx 16): 12629825.409000311, Aggregated Sum: 12630837.409032557, Unique keys: 10720, Skipped: 0, Audit Adjustments: 9252
Detected Headers: ['PERÍODO', 'EMPRESA', 'LINHA', 'PARTIDA', 'PAG PREV', 'COM PREV', 'VT PREV', 'ESC PREV', 'ES GRAT PREV', 'ISENT PREV', 'I. TEMP. PREV', 'ABT PREV', 'EMV PREV', 'QR CODE PREV', 'IDOSO PREV', 'P SOCIAL PREV', 'TOTAL PREV', 'PAG REAL', 'COM REAL', 'VT REAL', 'ESC REAL', 'ESC GRAT REAL', 'ISEN REAL', 'I. TEMP. REAL', 'ABT REAL', 'QR CODE REAL', 'EMV REAL', 'TOTAL REAL']
Column Mapping -> Date: 0, Line: 2, Total: 16, Company: 1
PER-COLUMN SUMS:
  Col 0 (PERÍODO): 0.0
  Col 1 (EMPRESA): 0.0
  Col 2 (LINHA): 72023520.0
  Col 3 (PARTIDA): 0.0
  Col 4 (PAG PREV): 2335955.9931001845
  Col 5 (COM PREV): 1424174.7863999084
  Col 6 (VT PREV): 5115822.036300732
  Col 7 (ESC PREV): 1070866.7355000337
  Col 8 (ES GRAT PREV): 124174.99999997792
  Col 9 (ISENT PREV): 1043821.9389000388
  Col 10 (I. TEMP. PREV): 1006884.9384000222
  Col 11 (ABT PREV): 82157.99520002201
  Col 12 (EMV PREV): 2851.0
  Col 13 (QR CODE PREV): 77887.0
  Col 14 (IDOSO PREV): 332897.98520001373
  Col 15 (P SOCIAL PREV): 12265.0
  Col 16 (TOTAL PREV): 12629825.409000311
  Col 17 (PAG REAL): 0.0
  Col 18 (COM REAL): 0.0
  Col 19 (VT REAL): 0.0
  Col 20 (ESC REAL): 0.0
  Col 21 (ESC GRAT REAL): 0.0
  Col 22 (ISEN REAL): 0.0
  Col 23 (I. TEMP. REAL): 0.0
  Col 24 (ABT REAL): 0.0
  Col 25 (QR CODE REAL): 0.0
  Col 26 (EMV REAL): 0.0
  Col 27 (TOTAL REAL): 0.0
Sample Rows (First 100):
['01/01/2026', 'COROADO', '001', '00:00:00', '0', '0', '0', '0', '0', '0', '0', '0', '0', '0', '0', '1', '1', '', '', '', '', '', '', '', '', '', '', '']
['01/01/2026', 'COROADO', '001', '01:00:00', '0', '0', '0', '0', '0', '0', '0', '0', '0', '0', '0', '0', '0', '', '', '', '', '', '', '', '', '', '', '']
['01/01/2026', 'COROADO', '001', '02:00:00', '0', '0', '0', '0', '0', '0', '0', '0', '0', '0', '0', '0', '0', '', '', '', '', '', '', '', '', '', '', '']
['01/01/2026', 'COROADO', '001', '03:00:00', '0', '0', '0', '0', '0', '0', '0', '0', '0', '0', '0', '0', '0', '', '', '', '', '', '', '', '', '', '', '']
['01/01/2026', 'COROADO', '001', '04:00:00', '1', '0', '2', '0', '0', '1', '0', '0', '0', '0', '0', '0', '4', '', '', '', '', '', '', '', '', '', '', '']
['01/01/2026', 'COROADO', '001', '05:00:00', '4', '2', '12', '1', '0', '3', '2', '0', '0', '0', '2', '0', '26', '', '', '', '', '', '', '', '', '', '', '']
['01/01/2026', 'COROADO', '001', '06:00:00', '6', '3', '16', '2', '0', '5', '2', '0', '0', '0', '3', '0', '37', '', '', '', '', '', '', '', '', '', '', '']
['01/01/2026', 'COROADO', '001', '07:00:00', '5', '2', '14', '2', '0', '4', '2', '0', '0', '0', '2', '0', '31', '', '', '', '', '', '', '', '', '', '', '']
['01/01/2026', 'COROADO', '001', '08:00:00', '3', '1', '9', '1', '0', '3', '1', '0', '0', '0', '1', '0', '19', '', '', '', '', '', '', '', '', '', '', '']
['01/01/2026', 'COROADO', '001', '09:00:00', '3', '1', '7', '1', '0', '2', '1', '0', '0', '0', '1', '0', '16', '', '', '', '', '', '', '', '', '', '', '']
['01/01/2026', 'COROADO', '001', '10:00:00', '2', '1', '5', '1', '0', '1', '2', '0', '0', '0', '1', '0', '13', '', '', '', '', '', '', '', '', '', '', '']
['01/01/2026', 'COROADO', '001', '11:00:00', '3', '1', '9', '1', '0', '3', '1', '0', '0', '0', '1', '0', '19', '', '', '', '', '', '', '', '', '', '', '']
['01/01/2026', 'COROADO', '001', '12:00:00', '5', '2', '12', '2', '0', '3', '2', '0', '0', '0', '2', '0', '28', '', '', '', '', '', '', '', '', '', '', '']
['01/01/2026', 'COROADO', '001', '13:00:00', '4', '2', '11', '1', '0', '3', '2', '0', '0', '0', '2', '0', '25', '', '', '', '', '', '', '', '', '', '', '']
['01/01/2026', 'COROADO', '001', '14:00:00', '4', '2', '11', '1', '0', '3', '2', '0', '0', '0', '2', '0', '25', '', '', '', '', '', '', '', '', '', '', '']
['01/01/2026', 'COROADO', '001', '15:00:00', '3', '1', '9', '1', '0', '2', '1', '0', '0', '0', '2', '0', '19', '', '', '', '', '', '', '', '', '', '', '']
['01/01/2026', 'COROADO', '001', '16:00:00', '5', '2', '13', '2', '0', '4', '2', '0', '0', '0', '2', '0', '30', '', '', '', '', '', '', '', '', '', '', '']
['01/01/2026', 'COROADO', '001', '17:00:00', '5', '2', '13', '2', '0', '4', '2', '0', '0', '0', '2', '0', '30', '', '', '', '', '', '', '', '', '', '', '']
['01/01/2026', 'COROADO', '001', '18:00:00', '3', '1', '9', '1', '0', '3', '1', '0', '0', '0', '2', '0', '20', '', '', '', '', '', '', '', '', '', '', '']
['01/01/2026', 'COROADO', '001', '19:00:00', '3', '1', '9', '1', '0', '2', '1', '0', '0', '0', '1', '0', '18', '', '', '', '', '', '', '', '', '', '', '']
